<?xml version="1.0" encoding="UTF-8"?>
<!-- Generated by org.testng.reporters.JUnitReportReporter -->
<testsuite hostname="DESKTOP-2RU8RFU" failures="0" tests="4" name="com.w2a.testcases.ManagerAddcustomer" time="6.795" errors="0" timestamp="2021-06-17T20:22:29 IST" skipped="0">
  <testcase classname="com.w2a.testcases.ManagerAddcustomer" name="excelR" time="2.298"/>
  <system-out/>
  <testcase classname="com.w2a.testcases.ManagerAddcustomer" name="excelR" time="1.493"/>
  <system-out/>
  <testcase classname="com.w2a.testcases.ManagerAddcustomer" name="excelR" time="1.558"/>
  <system-out/>
  <testcase classname="com.w2a.testcases.ManagerAddcustomer" name="excelR" time="1.446"/>
  <system-out/>
</testsuite> <!-- com.w2a.testcases.ManagerAddcustomer -->
