<?xml version="1.0" encoding="UTF-8"?>
<!-- Generated by org.testng.reporters.JUnitReportReporter -->
<testsuite hostname="DESKTOP-2RU8RFU" failures="0" tests="4" name="com.w2a.testcases.AllCustomerLogin" time="78.185" errors="0" timestamp="2021-06-17T20:22:29 IST" skipped="0">
  <testcase classname="com.w2a.testcases.AllCustomerLogin" name="open1" time="19.413"/>
  <system-out/>
  <testcase classname="com.w2a.testcases.AllCustomerLogin" name="open1" time="19.704"/>
  <system-out/>
  <testcase classname="com.w2a.testcases.AllCustomerLogin" name="open1" time="19.494"/>
  <system-out/>
  <testcase classname="com.w2a.testcases.AllCustomerLogin" name="open1" time="19.574"/>
  <system-out/>
</testsuite> <!-- com.w2a.testcases.AllCustomerLogin -->
