<?xml version="1.0" encoding="UTF-8"?>
<!-- Generated by org.testng.reporters.JUnitReportReporter -->
<testsuite hostname="DESKTOP-SB967CE" failures="0" tests="1" name="com.w2a.testcases.Showcustomerdetails" time="7.241" errors="0" timestamp="2021-06-02T00:19:54 IST" skipped="0">
  <testcase classname="com.w2a.testcases.Showcustomerdetails" name="setup3" time="7.241"/>
  <system-out/>
</testsuite> <!-- com.w2a.testcases.Showcustomerdetails -->
