<?xml version="1.0" encoding="UTF-8"?>
<!-- Generated by org.testng.reporters.JUnitReportReporter -->
<testsuite hostname="DESKTOP-SB967CE" failures="0" tests="4" name="com.w2a.testcases.ManagerAddcustomer" time="6.495" errors="0" timestamp="2021-06-02T00:19:54 IST" skipped="0">
  <testcase classname="com.w2a.testcases.ManagerAddcustomer" name="excelR" time="1.486"/>
  <system-out/>
  <testcase classname="com.w2a.testcases.ManagerAddcustomer" name="excelR" time="1.466"/>
  <system-out/>
  <testcase classname="com.w2a.testcases.ManagerAddcustomer" name="excelR" time="1.993"/>
  <system-out/>
  <testcase classname="com.w2a.testcases.ManagerAddcustomer" name="excelR" time="1.550"/>
  <system-out/>
</testsuite> <!-- com.w2a.testcases.ManagerAddcustomer -->
