<?xml version="1.0" encoding="UTF-8"?>
<!-- Generated by org.testng.reporters.JUnitReportReporter -->
<testsuite hostname="DESKTOP-2RU8RFU" failures="0" tests="1" name="com.w2a.testcases.ManagerLoginpage" time="0.474" errors="0" timestamp="2021-06-17T20:22:29 IST" skipped="0">
  <testcase classname="com.w2a.testcases.ManagerLoginpage" name="setup1" time="0.474"/>
  <system-out/>
</testsuite> <!-- com.w2a.testcases.ManagerLoginpage -->
