<?xml version="1.0" encoding="UTF-8"?>
<!-- Generated by org.testng.reporters.JUnitReportReporter -->
<testsuite hostname="DESKTOP-SB967CE" failures="0" tests="4" name="com.w2a.testcases.openAccount" time="6.200" errors="0" timestamp="2021-06-02T00:19:54 IST" skipped="0">
  <testcase classname="com.w2a.testcases.openAccount" name="open" time="1.472"/>
  <system-out/>
  <testcase classname="com.w2a.testcases.openAccount" name="open" time="1.502"/>
  <system-out/>
  <testcase classname="com.w2a.testcases.openAccount" name="open" time="1.632"/>
  <system-out/>
  <testcase classname="com.w2a.testcases.openAccount" name="open" time="1.594"/>
  <system-out/>
</testsuite> <!-- com.w2a.testcases.openAccount -->
