<?xml version="1.0" encoding="UTF-8"?>
<!-- Generated by org.testng.reporters.JUnitReportReporter -->
<testsuite hostname="DESKTOP-2RU8RFU" failures="0" tests="4" name="com.w2a.testcases.openAccount" time="6.466" errors="0" timestamp="2021-06-17T20:22:29 IST" skipped="0">
  <testcase classname="com.w2a.testcases.openAccount" name="open" time="1.602"/>
  <system-out/>
  <testcase classname="com.w2a.testcases.openAccount" name="open" time="1.532"/>
  <system-out/>
  <testcase classname="com.w2a.testcases.openAccount" name="open" time="1.811"/>
  <system-out/>
  <testcase classname="com.w2a.testcases.openAccount" name="open" time="1.521"/>
  <system-out/>
</testsuite> <!-- com.w2a.testcases.openAccount -->
