<?xml version="1.0" encoding="UTF-8"?>
<!-- Generated by org.testng.reporters.JUnitReportReporter -->
<testsuite hostname="DESKTOP-SB967CE" failures="0" tests="1" name="com.w2a.testcases.Loginpage" time="2.060" errors="0" timestamp="2021-05-24T13:29:09 IST" skipped="0">
  <testcase classname="com.w2a.testcases.Loginpage" name="setup" time="2.060"/>
  <system-out/>
</testsuite> <!-- com.w2a.testcases.Loginpage -->
