<?xml version="1.0" encoding="UTF-8"?>
<!-- Generated by org.testng.reporters.JUnitReportReporter -->
<testsuite hostname="DESKTOP-SB967CE" failures="0" tests="4" name="com.w2a.testcases.CustomerLogin" time="25.809" errors="0" timestamp="2021-06-01T22:07:15 IST" skipped="0">
  <testcase classname="com.w2a.testcases.CustomerLogin" name="open1" time="6.474"/>
  <system-out/>
  <testcase classname="com.w2a.testcases.CustomerLogin" name="open1" time="6.525"/>
  <system-out/>
  <testcase classname="com.w2a.testcases.CustomerLogin" name="open1" time="6.393"/>
  <system-out/>
  <testcase classname="com.w2a.testcases.CustomerLogin" name="open1" time="6.417"/>
  <system-out/>
</testsuite> <!-- com.w2a.testcases.CustomerLogin -->
