<?xml version="1.0" encoding="UTF-8"?>
<!-- Generated by org.testng.reporters.JUnitReportReporter -->
<testsuite hostname="DESKTOP-SB967CE" failures="0" tests="4" name="com.w2a.testcases.AllCustomerLogin" time="78.531" errors="0" timestamp="2021-06-02T00:19:54 IST" skipped="0">
  <testcase classname="com.w2a.testcases.AllCustomerLogin" name="open1" time="19.521"/>
  <system-out/>
  <testcase classname="com.w2a.testcases.AllCustomerLogin" name="open1" time="19.630"/>
  <system-out/>
  <testcase classname="com.w2a.testcases.AllCustomerLogin" name="open1" time="19.692"/>
  <system-out/>
  <testcase classname="com.w2a.testcases.AllCustomerLogin" name="open1" time="19.688"/>
  <system-out/>
</testsuite> <!-- com.w2a.testcases.AllCustomerLogin -->
