<?xml version="1.0" encoding="UTF-8"?>
<!-- Generated by org.testng.reporters.JUnitReportReporter -->
<testsuite hostname="DESKTOP-SB967CE" failures="0" tests="1" name="com.w2a.testcases.gotohomepage" time="2.159" errors="0" timestamp="2021-06-02T00:19:54 IST" skipped="0">
  <testcase classname="com.w2a.testcases.gotohomepage" name="setup2" time="2.159"/>
  <system-out/>
</testsuite> <!-- com.w2a.testcases.gotohomepage -->
